Copyright 1986-2022 Xilinx, Inc. All Rights Reserved. Copyright 2022-2025 Advanced Micro Devices, Inc. All Rights Reserved.
--------------------------------------------------------------------------------------------------------------------------------------------------------------------------
| Tool Version : Vivado v.2025.1 (win64) Build 6140274 Thu May 22 00:12:29 MDT 2025
| Date         : Tue Apr 14 23:24:18 2026
| Host         : MSI running 64-bit major release  (build 9200)
| Command      : report_methodology -file cpu_pipeline_methodology_drc_routed.rpt -pb cpu_pipeline_methodology_drc_routed.pb -rpx cpu_pipeline_methodology_drc_routed.rpx
| Design       : cpu_pipeline
| Device       : xck26-sfvc784-2LV-c
| Speed File   : -2LV
| Design State : Fully Routed
--------------------------------------------------------------------------------------------------------------------------------------------------------------------------

Report Methodology

Table of Contents
-----------------
1. REPORT SUMMARY
2. REPORT DETAILS

1. REPORT SUMMARY
-----------------
            Netlist: netlist
          Floorplan: design_1
      Design limits: <entire design considered>
             Max checks: <unlimited>
             Checks found: 72
+--------+----------+------------------------------------------+--------+
| Rule   | Severity | Description                              | Checks |
+--------+----------+------------------------------------------+--------+
| XDCH-2 | Warning  | Same min and max delay values on IO port | 72     |
+--------+----------+------------------------------------------+--------+

2. REPORT DETAILS
-----------------
XDCH-2#1 Warning
Same min and max delay values on IO port  
The same input delay of 2.000 ns has been defined on port 'clk' relative to clock clk for both max and min. Make sure this reflects the design intent.
set_input_delay -clock clk 2.000 [all_inputs]
E:/Vivado_projects/RISCV_SOC/RISCV_SOC.srcs/constrs_1/imports/constraint/100MHZ_constraint.sdc (Line: 14)
Related violations: <none>

XDCH-2#2 Warning
Same min and max delay values on IO port  
The same input delay of 2.000 ns has been defined on port 'rst_n' relative to clock clk for both max and min. Make sure this reflects the design intent.
set_input_delay -clock clk 2.000 [all_inputs]
E:/Vivado_projects/RISCV_SOC/RISCV_SOC.srcs/constrs_1/imports/constraint/100MHZ_constraint.sdc (Line: 14)
Related violations: <none>

XDCH-2#3 Warning
Same min and max delay values on IO port  
The same output delay of 2.000 ns has been defined on port 'dbg_pc_out[0]' relative to clock clk for both max and min. Make sure this reflects the design intent.
set_output_delay -clock clk 2.000 [all_outputs]
E:/Vivado_projects/RISCV_SOC/RISCV_SOC.srcs/constrs_1/imports/constraint/100MHZ_constraint.sdc (Line: 22)
Related violations: <none>

XDCH-2#4 Warning
Same min and max delay values on IO port  
The same output delay of 2.000 ns has been defined on port 'dbg_pc_out[10]' relative to clock clk for both max and min. Make sure this reflects the design intent.
set_output_delay -clock clk 2.000 [all_outputs]
E:/Vivado_projects/RISCV_SOC/RISCV_SOC.srcs/constrs_1/imports/constraint/100MHZ_constraint.sdc (Line: 22)
Related violations: <none>

XDCH-2#5 Warning
Same min and max delay values on IO port  
The same output delay of 2.000 ns has been defined on port 'dbg_pc_out[11]' relative to clock clk for both max and min. Make sure this reflects the design intent.
set_output_delay -clock clk 2.000 [all_outputs]
E:/Vivado_projects/RISCV_SOC/RISCV_SOC.srcs/constrs_1/imports/constraint/100MHZ_constraint.sdc (Line: 22)
Related violations: <none>

XDCH-2#6 Warning
Same min and max delay values on IO port  
The same output delay of 2.000 ns has been defined on port 'dbg_pc_out[12]' relative to clock clk for both max and min. Make sure this reflects the design intent.
set_output_delay -clock clk 2.000 [all_outputs]
E:/Vivado_projects/RISCV_SOC/RISCV_SOC.srcs/constrs_1/imports/constraint/100MHZ_constraint.sdc (Line: 22)
Related violations: <none>

XDCH-2#7 Warning
Same min and max delay values on IO port  
The same output delay of 2.000 ns has been defined on port 'dbg_pc_out[13]' relative to clock clk for both max and min. Make sure this reflects the design intent.
set_output_delay -clock clk 2.000 [all_outputs]
E:/Vivado_projects/RISCV_SOC/RISCV_SOC.srcs/constrs_1/imports/constraint/100MHZ_constraint.sdc (Line: 22)
Related violations: <none>

XDCH-2#8 Warning
Same min and max delay values on IO port  
The same output delay of 2.000 ns has been defined on port 'dbg_pc_out[14]' relative to clock clk for both max and min. Make sure this reflects the design intent.
set_output_delay -clock clk 2.000 [all_outputs]
E:/Vivado_projects/RISCV_SOC/RISCV_SOC.srcs/constrs_1/imports/constraint/100MHZ_constraint.sdc (Line: 22)
Related violations: <none>

XDCH-2#9 Warning
Same min and max delay values on IO port  
The same output delay of 2.000 ns has been defined on port 'dbg_pc_out[15]' relative to clock clk for both max and min. Make sure this reflects the design intent.
set_output_delay -clock clk 2.000 [all_outputs]
E:/Vivado_projects/RISCV_SOC/RISCV_SOC.srcs/constrs_1/imports/constraint/100MHZ_constraint.sdc (Line: 22)
Related violations: <none>

XDCH-2#10 Warning
Same min and max delay values on IO port  
The same output delay of 2.000 ns has been defined on port 'dbg_pc_out[16]' relative to clock clk for both max and min. Make sure this reflects the design intent.
set_output_delay -clock clk 2.000 [all_outputs]
E:/Vivado_projects/RISCV_SOC/RISCV_SOC.srcs/constrs_1/imports/constraint/100MHZ_constraint.sdc (Line: 22)
Related violations: <none>

XDCH-2#11 Warning
Same min and max delay values on IO port  
The same output delay of 2.000 ns has been defined on port 'dbg_pc_out[17]' relative to clock clk for both max and min. Make sure this reflects the design intent.
set_output_delay -clock clk 2.000 [all_outputs]
E:/Vivado_projects/RISCV_SOC/RISCV_SOC.srcs/constrs_1/imports/constraint/100MHZ_constraint.sdc (Line: 22)
Related violations: <none>

XDCH-2#12 Warning
Same min and max delay values on IO port  
The same output delay of 2.000 ns has been defined on port 'dbg_pc_out[18]' relative to clock clk for both max and min. Make sure this reflects the design intent.
set_output_delay -clock clk 2.000 [all_outputs]
E:/Vivado_projects/RISCV_SOC/RISCV_SOC.srcs/constrs_1/imports/constraint/100MHZ_constraint.sdc (Line: 22)
Related violations: <none>

XDCH-2#13 Warning
Same min and max delay values on IO port  
The same output delay of 2.000 ns has been defined on port 'dbg_pc_out[19]' relative to clock clk for both max and min. Make sure this reflects the design intent.
set_output_delay -clock clk 2.000 [all_outputs]
E:/Vivado_projects/RISCV_SOC/RISCV_SOC.srcs/constrs_1/imports/constraint/100MHZ_constraint.sdc (Line: 22)
Related violations: <none>

XDCH-2#14 Warning
Same min and max delay values on IO port  
The same output delay of 2.000 ns has been defined on port 'dbg_pc_out[1]' relative to clock clk for both max and min. Make sure this reflects the design intent.
set_output_delay -clock clk 2.000 [all_outputs]
E:/Vivado_projects/RISCV_SOC/RISCV_SOC.srcs/constrs_1/imports/constraint/100MHZ_constraint.sdc (Line: 22)
Related violations: <none>

XDCH-2#15 Warning
Same min and max delay values on IO port  
The same output delay of 2.000 ns has been defined on port 'dbg_pc_out[20]' relative to clock clk for both max and min. Make sure this reflects the design intent.
set_output_delay -clock clk 2.000 [all_outputs]
E:/Vivado_projects/RISCV_SOC/RISCV_SOC.srcs/constrs_1/imports/constraint/100MHZ_constraint.sdc (Line: 22)
Related violations: <none>

XDCH-2#16 Warning
Same min and max delay values on IO port  
The same output delay of 2.000 ns has been defined on port 'dbg_pc_out[21]' relative to clock clk for both max and min. Make sure this reflects the design intent.
set_output_delay -clock clk 2.000 [all_outputs]
E:/Vivado_projects/RISCV_SOC/RISCV_SOC.srcs/constrs_1/imports/constraint/100MHZ_constraint.sdc (Line: 22)
Related violations: <none>

XDCH-2#17 Warning
Same min and max delay values on IO port  
The same output delay of 2.000 ns has been defined on port 'dbg_pc_out[22]' relative to clock clk for both max and min. Make sure this reflects the design intent.
set_output_delay -clock clk 2.000 [all_outputs]
E:/Vivado_projects/RISCV_SOC/RISCV_SOC.srcs/constrs_1/imports/constraint/100MHZ_constraint.sdc (Line: 22)
Related violations: <none>

XDCH-2#18 Warning
Same min and max delay values on IO port  
The same output delay of 2.000 ns has been defined on port 'dbg_pc_out[23]' relative to clock clk for both max and min. Make sure this reflects the design intent.
set_output_delay -clock clk 2.000 [all_outputs]
E:/Vivado_projects/RISCV_SOC/RISCV_SOC.srcs/constrs_1/imports/constraint/100MHZ_constraint.sdc (Line: 22)
Related violations: <none>

XDCH-2#19 Warning
Same min and max delay values on IO port  
The same output delay of 2.000 ns has been defined on port 'dbg_pc_out[24]' relative to clock clk for both max and min. Make sure this reflects the design intent.
set_output_delay -clock clk 2.000 [all_outputs]
E:/Vivado_projects/RISCV_SOC/RISCV_SOC.srcs/constrs_1/imports/constraint/100MHZ_constraint.sdc (Line: 22)
Related violations: <none>

XDCH-2#20 Warning
Same min and max delay values on IO port  
The same output delay of 2.000 ns has been defined on port 'dbg_pc_out[25]' relative to clock clk for both max and min. Make sure this reflects the design intent.
set_output_delay -clock clk 2.000 [all_outputs]
E:/Vivado_projects/RISCV_SOC/RISCV_SOC.srcs/constrs_1/imports/constraint/100MHZ_constraint.sdc (Line: 22)
Related violations: <none>

XDCH-2#21 Warning
Same min and max delay values on IO port  
The same output delay of 2.000 ns has been defined on port 'dbg_pc_out[26]' relative to clock clk for both max and min. Make sure this reflects the design intent.
set_output_delay -clock clk 2.000 [all_outputs]
E:/Vivado_projects/RISCV_SOC/RISCV_SOC.srcs/constrs_1/imports/constraint/100MHZ_constraint.sdc (Line: 22)
Related violations: <none>

XDCH-2#22 Warning
Same min and max delay values on IO port  
The same output delay of 2.000 ns has been defined on port 'dbg_pc_out[27]' relative to clock clk for both max and min. Make sure this reflects the design intent.
set_output_delay -clock clk 2.000 [all_outputs]
E:/Vivado_projects/RISCV_SOC/RISCV_SOC.srcs/constrs_1/imports/constraint/100MHZ_constraint.sdc (Line: 22)
Related violations: <none>

XDCH-2#23 Warning
Same min and max delay values on IO port  
The same output delay of 2.000 ns has been defined on port 'dbg_pc_out[28]' relative to clock clk for both max and min. Make sure this reflects the design intent.
set_output_delay -clock clk 2.000 [all_outputs]
E:/Vivado_projects/RISCV_SOC/RISCV_SOC.srcs/constrs_1/imports/constraint/100MHZ_constraint.sdc (Line: 22)
Related violations: <none>

XDCH-2#24 Warning
Same min and max delay values on IO port  
The same output delay of 2.000 ns has been defined on port 'dbg_pc_out[29]' relative to clock clk for both max and min. Make sure this reflects the design intent.
set_output_delay -clock clk 2.000 [all_outputs]
E:/Vivado_projects/RISCV_SOC/RISCV_SOC.srcs/constrs_1/imports/constraint/100MHZ_constraint.sdc (Line: 22)
Related violations: <none>

XDCH-2#25 Warning
Same min and max delay values on IO port  
The same output delay of 2.000 ns has been defined on port 'dbg_pc_out[2]' relative to clock clk for both max and min. Make sure this reflects the design intent.
set_output_delay -clock clk 2.000 [all_outputs]
E:/Vivado_projects/RISCV_SOC/RISCV_SOC.srcs/constrs_1/imports/constraint/100MHZ_constraint.sdc (Line: 22)
Related violations: <none>

XDCH-2#26 Warning
Same min and max delay values on IO port  
The same output delay of 2.000 ns has been defined on port 'dbg_pc_out[30]' relative to clock clk for both max and min. Make sure this reflects the design intent.
set_output_delay -clock clk 2.000 [all_outputs]
E:/Vivado_projects/RISCV_SOC/RISCV_SOC.srcs/constrs_1/imports/constraint/100MHZ_constraint.sdc (Line: 22)
Related violations: <none>

XDCH-2#27 Warning
Same min and max delay values on IO port  
The same output delay of 2.000 ns has been defined on port 'dbg_pc_out[31]' relative to clock clk for both max and min. Make sure this reflects the design intent.
set_output_delay -clock clk 2.000 [all_outputs]
E:/Vivado_projects/RISCV_SOC/RISCV_SOC.srcs/constrs_1/imports/constraint/100MHZ_constraint.sdc (Line: 22)
Related violations: <none>

XDCH-2#28 Warning
Same min and max delay values on IO port  
The same output delay of 2.000 ns has been defined on port 'dbg_pc_out[3]' relative to clock clk for both max and min. Make sure this reflects the design intent.
set_output_delay -clock clk 2.000 [all_outputs]
E:/Vivado_projects/RISCV_SOC/RISCV_SOC.srcs/constrs_1/imports/constraint/100MHZ_constraint.sdc (Line: 22)
Related violations: <none>

XDCH-2#29 Warning
Same min and max delay values on IO port  
The same output delay of 2.000 ns has been defined on port 'dbg_pc_out[4]' relative to clock clk for both max and min. Make sure this reflects the design intent.
set_output_delay -clock clk 2.000 [all_outputs]
E:/Vivado_projects/RISCV_SOC/RISCV_SOC.srcs/constrs_1/imports/constraint/100MHZ_constraint.sdc (Line: 22)
Related violations: <none>

XDCH-2#30 Warning
Same min and max delay values on IO port  
The same output delay of 2.000 ns has been defined on port 'dbg_pc_out[5]' relative to clock clk for both max and min. Make sure this reflects the design intent.
set_output_delay -clock clk 2.000 [all_outputs]
E:/Vivado_projects/RISCV_SOC/RISCV_SOC.srcs/constrs_1/imports/constraint/100MHZ_constraint.sdc (Line: 22)
Related violations: <none>

XDCH-2#31 Warning
Same min and max delay values on IO port  
The same output delay of 2.000 ns has been defined on port 'dbg_pc_out[6]' relative to clock clk for both max and min. Make sure this reflects the design intent.
set_output_delay -clock clk 2.000 [all_outputs]
E:/Vivado_projects/RISCV_SOC/RISCV_SOC.srcs/constrs_1/imports/constraint/100MHZ_constraint.sdc (Line: 22)
Related violations: <none>

XDCH-2#32 Warning
Same min and max delay values on IO port  
The same output delay of 2.000 ns has been defined on port 'dbg_pc_out[7]' relative to clock clk for both max and min. Make sure this reflects the design intent.
set_output_delay -clock clk 2.000 [all_outputs]
E:/Vivado_projects/RISCV_SOC/RISCV_SOC.srcs/constrs_1/imports/constraint/100MHZ_constraint.sdc (Line: 22)
Related violations: <none>

XDCH-2#33 Warning
Same min and max delay values on IO port  
The same output delay of 2.000 ns has been defined on port 'dbg_pc_out[8]' relative to clock clk for both max and min. Make sure this reflects the design intent.
set_output_delay -clock clk 2.000 [all_outputs]
E:/Vivado_projects/RISCV_SOC/RISCV_SOC.srcs/constrs_1/imports/constraint/100MHZ_constraint.sdc (Line: 22)
Related violations: <none>

XDCH-2#34 Warning
Same min and max delay values on IO port  
The same output delay of 2.000 ns has been defined on port 'dbg_pc_out[9]' relative to clock clk for both max and min. Make sure this reflects the design intent.
set_output_delay -clock clk 2.000 [all_outputs]
E:/Vivado_projects/RISCV_SOC/RISCV_SOC.srcs/constrs_1/imports/constraint/100MHZ_constraint.sdc (Line: 22)
Related violations: <none>

XDCH-2#35 Warning
Same min and max delay values on IO port  
The same output delay of 2.000 ns has been defined on port 'dbg_wb_rd_addr_out[0]' relative to clock clk for both max and min. Make sure this reflects the design intent.
set_output_delay -clock clk 2.000 [all_outputs]
E:/Vivado_projects/RISCV_SOC/RISCV_SOC.srcs/constrs_1/imports/constraint/100MHZ_constraint.sdc (Line: 22)
Related violations: <none>

XDCH-2#36 Warning
Same min and max delay values on IO port  
The same output delay of 2.000 ns has been defined on port 'dbg_wb_rd_addr_out[1]' relative to clock clk for both max and min. Make sure this reflects the design intent.
set_output_delay -clock clk 2.000 [all_outputs]
E:/Vivado_projects/RISCV_SOC/RISCV_SOC.srcs/constrs_1/imports/constraint/100MHZ_constraint.sdc (Line: 22)
Related violations: <none>

XDCH-2#37 Warning
Same min and max delay values on IO port  
The same output delay of 2.000 ns has been defined on port 'dbg_wb_rd_addr_out[2]' relative to clock clk for both max and min. Make sure this reflects the design intent.
set_output_delay -clock clk 2.000 [all_outputs]
E:/Vivado_projects/RISCV_SOC/RISCV_SOC.srcs/constrs_1/imports/constraint/100MHZ_constraint.sdc (Line: 22)
Related violations: <none>

XDCH-2#38 Warning
Same min and max delay values on IO port  
The same output delay of 2.000 ns has been defined on port 'dbg_wb_rd_addr_out[3]' relative to clock clk for both max and min. Make sure this reflects the design intent.
set_output_delay -clock clk 2.000 [all_outputs]
E:/Vivado_projects/RISCV_SOC/RISCV_SOC.srcs/constrs_1/imports/constraint/100MHZ_constraint.sdc (Line: 22)
Related violations: <none>

XDCH-2#39 Warning
Same min and max delay values on IO port  
The same output delay of 2.000 ns has been defined on port 'dbg_wb_rd_addr_out[4]' relative to clock clk for both max and min. Make sure this reflects the design intent.
set_output_delay -clock clk 2.000 [all_outputs]
E:/Vivado_projects/RISCV_SOC/RISCV_SOC.srcs/constrs_1/imports/constraint/100MHZ_constraint.sdc (Line: 22)
Related violations: <none>

XDCH-2#40 Warning
Same min and max delay values on IO port  
The same output delay of 2.000 ns has been defined on port 'dbg_wb_rd_data_out[0]' relative to clock clk for both max and min. Make sure this reflects the design intent.
set_output_delay -clock clk 2.000 [all_outputs]
E:/Vivado_projects/RISCV_SOC/RISCV_SOC.srcs/constrs_1/imports/constraint/100MHZ_constraint.sdc (Line: 22)
Related violations: <none>

XDCH-2#41 Warning
Same min and max delay values on IO port  
The same output delay of 2.000 ns has been defined on port 'dbg_wb_rd_data_out[10]' relative to clock clk for both max and min. Make sure this reflects the design intent.
set_output_delay -clock clk 2.000 [all_outputs]
E:/Vivado_projects/RISCV_SOC/RISCV_SOC.srcs/constrs_1/imports/constraint/100MHZ_constraint.sdc (Line: 22)
Related violations: <none>

XDCH-2#42 Warning
Same min and max delay values on IO port  
The same output delay of 2.000 ns has been defined on port 'dbg_wb_rd_data_out[11]' relative to clock clk for both max and min. Make sure this reflects the design intent.
set_output_delay -clock clk 2.000 [all_outputs]
E:/Vivado_projects/RISCV_SOC/RISCV_SOC.srcs/constrs_1/imports/constraint/100MHZ_constraint.sdc (Line: 22)
Related violations: <none>

XDCH-2#43 Warning
Same min and max delay values on IO port  
The same output delay of 2.000 ns has been defined on port 'dbg_wb_rd_data_out[12]' relative to clock clk for both max and min. Make sure this reflects the design intent.
set_output_delay -clock clk 2.000 [all_outputs]
E:/Vivado_projects/RISCV_SOC/RISCV_SOC.srcs/constrs_1/imports/constraint/100MHZ_constraint.sdc (Line: 22)
Related violations: <none>

XDCH-2#44 Warning
Same min and max delay values on IO port  
The same output delay of 2.000 ns has been defined on port 'dbg_wb_rd_data_out[13]' relative to clock clk for both max and min. Make sure this reflects the design intent.
set_output_delay -clock clk 2.000 [all_outputs]
E:/Vivado_projects/RISCV_SOC/RISCV_SOC.srcs/constrs_1/imports/constraint/100MHZ_constraint.sdc (Line: 22)
Related violations: <none>

XDCH-2#45 Warning
Same min and max delay values on IO port  
The same output delay of 2.000 ns has been defined on port 'dbg_wb_rd_data_out[14]' relative to clock clk for both max and min. Make sure this reflects the design intent.
set_output_delay -clock clk 2.000 [all_outputs]
E:/Vivado_projects/RISCV_SOC/RISCV_SOC.srcs/constrs_1/imports/constraint/100MHZ_constraint.sdc (Line: 22)
Related violations: <none>

XDCH-2#46 Warning
Same min and max delay values on IO port  
The same output delay of 2.000 ns has been defined on port 'dbg_wb_rd_data_out[15]' relative to clock clk for both max and min. Make sure this reflects the design intent.
set_output_delay -clock clk 2.000 [all_outputs]
E:/Vivado_projects/RISCV_SOC/RISCV_SOC.srcs/constrs_1/imports/constraint/100MHZ_constraint.sdc (Line: 22)
Related violations: <none>

XDCH-2#47 Warning
Same min and max delay values on IO port  
The same output delay of 2.000 ns has been defined on port 'dbg_wb_rd_data_out[16]' relative to clock clk for both max and min. Make sure this reflects the design intent.
set_output_delay -clock clk 2.000 [all_outputs]
E:/Vivado_projects/RISCV_SOC/RISCV_SOC.srcs/constrs_1/imports/constraint/100MHZ_constraint.sdc (Line: 22)
Related violations: <none>

XDCH-2#48 Warning
Same min and max delay values on IO port  
The same output delay of 2.000 ns has been defined on port 'dbg_wb_rd_data_out[17]' relative to clock clk for both max and min. Make sure this reflects the design intent.
set_output_delay -clock clk 2.000 [all_outputs]
E:/Vivado_projects/RISCV_SOC/RISCV_SOC.srcs/constrs_1/imports/constraint/100MHZ_constraint.sdc (Line: 22)
Related violations: <none>

XDCH-2#49 Warning
Same min and max delay values on IO port  
The same output delay of 2.000 ns has been defined on port 'dbg_wb_rd_data_out[18]' relative to clock clk for both max and min. Make sure this reflects the design intent.
set_output_delay -clock clk 2.000 [all_outputs]
E:/Vivado_projects/RISCV_SOC/RISCV_SOC.srcs/constrs_1/imports/constraint/100MHZ_constraint.sdc (Line: 22)
Related violations: <none>

XDCH-2#50 Warning
Same min and max delay values on IO port  
The same output delay of 2.000 ns has been defined on port 'dbg_wb_rd_data_out[19]' relative to clock clk for both max and min. Make sure this reflects the design intent.
set_output_delay -clock clk 2.000 [all_outputs]
E:/Vivado_projects/RISCV_SOC/RISCV_SOC.srcs/constrs_1/imports/constraint/100MHZ_constraint.sdc (Line: 22)
Related violations: <none>

XDCH-2#51 Warning
Same min and max delay values on IO port  
The same output delay of 2.000 ns has been defined on port 'dbg_wb_rd_data_out[1]' relative to clock clk for both max and min. Make sure this reflects the design intent.
set_output_delay -clock clk 2.000 [all_outputs]
E:/Vivado_projects/RISCV_SOC/RISCV_SOC.srcs/constrs_1/imports/constraint/100MHZ_constraint.sdc (Line: 22)
Related violations: <none>

XDCH-2#52 Warning
Same min and max delay values on IO port  
The same output delay of 2.000 ns has been defined on port 'dbg_wb_rd_data_out[20]' relative to clock clk for both max and min. Make sure this reflects the design intent.
set_output_delay -clock clk 2.000 [all_outputs]
E:/Vivado_projects/RISCV_SOC/RISCV_SOC.srcs/constrs_1/imports/constraint/100MHZ_constraint.sdc (Line: 22)
Related violations: <none>

XDCH-2#53 Warning
Same min and max delay values on IO port  
The same output delay of 2.000 ns has been defined on port 'dbg_wb_rd_data_out[21]' relative to clock clk for both max and min. Make sure this reflects the design intent.
set_output_delay -clock clk 2.000 [all_outputs]
E:/Vivado_projects/RISCV_SOC/RISCV_SOC.srcs/constrs_1/imports/constraint/100MHZ_constraint.sdc (Line: 22)
Related violations: <none>

XDCH-2#54 Warning
Same min and max delay values on IO port  
The same output delay of 2.000 ns has been defined on port 'dbg_wb_rd_data_out[22]' relative to clock clk for both max and min. Make sure this reflects the design intent.
set_output_delay -clock clk 2.000 [all_outputs]
E:/Vivado_projects/RISCV_SOC/RISCV_SOC.srcs/constrs_1/imports/constraint/100MHZ_constraint.sdc (Line: 22)
Related violations: <none>

XDCH-2#55 Warning
Same min and max delay values on IO port  
The same output delay of 2.000 ns has been defined on port 'dbg_wb_rd_data_out[23]' relative to clock clk for both max and min. Make sure this reflects the design intent.
set_output_delay -clock clk 2.000 [all_outputs]
E:/Vivado_projects/RISCV_SOC/RISCV_SOC.srcs/constrs_1/imports/constraint/100MHZ_constraint.sdc (Line: 22)
Related violations: <none>

XDCH-2#56 Warning
Same min and max delay values on IO port  
The same output delay of 2.000 ns has been defined on port 'dbg_wb_rd_data_out[24]' relative to clock clk for both max and min. Make sure this reflects the design intent.
set_output_delay -clock clk 2.000 [all_outputs]
E:/Vivado_projects/RISCV_SOC/RISCV_SOC.srcs/constrs_1/imports/constraint/100MHZ_constraint.sdc (Line: 22)
Related violations: <none>

XDCH-2#57 Warning
Same min and max delay values on IO port  
The same output delay of 2.000 ns has been defined on port 'dbg_wb_rd_data_out[25]' relative to clock clk for both max and min. Make sure this reflects the design intent.
set_output_delay -clock clk 2.000 [all_outputs]
E:/Vivado_projects/RISCV_SOC/RISCV_SOC.srcs/constrs_1/imports/constraint/100MHZ_constraint.sdc (Line: 22)
Related violations: <none>

XDCH-2#58 Warning
Same min and max delay values on IO port  
The same output delay of 2.000 ns has been defined on port 'dbg_wb_rd_data_out[26]' relative to clock clk for both max and min. Make sure this reflects the design intent.
set_output_delay -clock clk 2.000 [all_outputs]
E:/Vivado_projects/RISCV_SOC/RISCV_SOC.srcs/constrs_1/imports/constraint/100MHZ_constraint.sdc (Line: 22)
Related violations: <none>

XDCH-2#59 Warning
Same min and max delay values on IO port  
The same output delay of 2.000 ns has been defined on port 'dbg_wb_rd_data_out[27]' relative to clock clk for both max and min. Make sure this reflects the design intent.
set_output_delay -clock clk 2.000 [all_outputs]
E:/Vivado_projects/RISCV_SOC/RISCV_SOC.srcs/constrs_1/imports/constraint/100MHZ_constraint.sdc (Line: 22)
Related violations: <none>

XDCH-2#60 Warning
Same min and max delay values on IO port  
The same output delay of 2.000 ns has been defined on port 'dbg_wb_rd_data_out[28]' relative to clock clk for both max and min. Make sure this reflects the design intent.
set_output_delay -clock clk 2.000 [all_outputs]
E:/Vivado_projects/RISCV_SOC/RISCV_SOC.srcs/constrs_1/imports/constraint/100MHZ_constraint.sdc (Line: 22)
Related violations: <none>

XDCH-2#61 Warning
Same min and max delay values on IO port  
The same output delay of 2.000 ns has been defined on port 'dbg_wb_rd_data_out[29]' relative to clock clk for both max and min. Make sure this reflects the design intent.
set_output_delay -clock clk 2.000 [all_outputs]
E:/Vivado_projects/RISCV_SOC/RISCV_SOC.srcs/constrs_1/imports/constraint/100MHZ_constraint.sdc (Line: 22)
Related violations: <none>

XDCH-2#62 Warning
Same min and max delay values on IO port  
The same output delay of 2.000 ns has been defined on port 'dbg_wb_rd_data_out[2]' relative to clock clk for both max and min. Make sure this reflects the design intent.
set_output_delay -clock clk 2.000 [all_outputs]
E:/Vivado_projects/RISCV_SOC/RISCV_SOC.srcs/constrs_1/imports/constraint/100MHZ_constraint.sdc (Line: 22)
Related violations: <none>

XDCH-2#63 Warning
Same min and max delay values on IO port  
The same output delay of 2.000 ns has been defined on port 'dbg_wb_rd_data_out[30]' relative to clock clk for both max and min. Make sure this reflects the design intent.
set_output_delay -clock clk 2.000 [all_outputs]
E:/Vivado_projects/RISCV_SOC/RISCV_SOC.srcs/constrs_1/imports/constraint/100MHZ_constraint.sdc (Line: 22)
Related violations: <none>

XDCH-2#64 Warning
Same min and max delay values on IO port  
The same output delay of 2.000 ns has been defined on port 'dbg_wb_rd_data_out[31]' relative to clock clk for both max and min. Make sure this reflects the design intent.
set_output_delay -clock clk 2.000 [all_outputs]
E:/Vivado_projects/RISCV_SOC/RISCV_SOC.srcs/constrs_1/imports/constraint/100MHZ_constraint.sdc (Line: 22)
Related violations: <none>

XDCH-2#65 Warning
Same min and max delay values on IO port  
The same output delay of 2.000 ns has been defined on port 'dbg_wb_rd_data_out[3]' relative to clock clk for both max and min. Make sure this reflects the design intent.
set_output_delay -clock clk 2.000 [all_outputs]
E:/Vivado_projects/RISCV_SOC/RISCV_SOC.srcs/constrs_1/imports/constraint/100MHZ_constraint.sdc (Line: 22)
Related violations: <none>

XDCH-2#66 Warning
Same min and max delay values on IO port  
The same output delay of 2.000 ns has been defined on port 'dbg_wb_rd_data_out[4]' relative to clock clk for both max and min. Make sure this reflects the design intent.
set_output_delay -clock clk 2.000 [all_outputs]
E:/Vivado_projects/RISCV_SOC/RISCV_SOC.srcs/constrs_1/imports/constraint/100MHZ_constraint.sdc (Line: 22)
Related violations: <none>

XDCH-2#67 Warning
Same min and max delay values on IO port  
The same output delay of 2.000 ns has been defined on port 'dbg_wb_rd_data_out[5]' relative to clock clk for both max and min. Make sure this reflects the design intent.
set_output_delay -clock clk 2.000 [all_outputs]
E:/Vivado_projects/RISCV_SOC/RISCV_SOC.srcs/constrs_1/imports/constraint/100MHZ_constraint.sdc (Line: 22)
Related violations: <none>

XDCH-2#68 Warning
Same min and max delay values on IO port  
The same output delay of 2.000 ns has been defined on port 'dbg_wb_rd_data_out[6]' relative to clock clk for both max and min. Make sure this reflects the design intent.
set_output_delay -clock clk 2.000 [all_outputs]
E:/Vivado_projects/RISCV_SOC/RISCV_SOC.srcs/constrs_1/imports/constraint/100MHZ_constraint.sdc (Line: 22)
Related violations: <none>

XDCH-2#69 Warning
Same min and max delay values on IO port  
The same output delay of 2.000 ns has been defined on port 'dbg_wb_rd_data_out[7]' relative to clock clk for both max and min. Make sure this reflects the design intent.
set_output_delay -clock clk 2.000 [all_outputs]
E:/Vivado_projects/RISCV_SOC/RISCV_SOC.srcs/constrs_1/imports/constraint/100MHZ_constraint.sdc (Line: 22)
Related violations: <none>

XDCH-2#70 Warning
Same min and max delay values on IO port  
The same output delay of 2.000 ns has been defined on port 'dbg_wb_rd_data_out[8]' relative to clock clk for both max and min. Make sure this reflects the design intent.
set_output_delay -clock clk 2.000 [all_outputs]
E:/Vivado_projects/RISCV_SOC/RISCV_SOC.srcs/constrs_1/imports/constraint/100MHZ_constraint.sdc (Line: 22)
Related violations: <none>

XDCH-2#71 Warning
Same min and max delay values on IO port  
The same output delay of 2.000 ns has been defined on port 'dbg_wb_rd_data_out[9]' relative to clock clk for both max and min. Make sure this reflects the design intent.
set_output_delay -clock clk 2.000 [all_outputs]
E:/Vivado_projects/RISCV_SOC/RISCV_SOC.srcs/constrs_1/imports/constraint/100MHZ_constraint.sdc (Line: 22)
Related violations: <none>

XDCH-2#72 Warning
Same min and max delay values on IO port  
The same output delay of 2.000 ns has been defined on port 'dbg_wb_reg_write_en_out' relative to clock clk for both max and min. Make sure this reflects the design intent.
set_output_delay -clock clk 2.000 [all_outputs]
E:/Vivado_projects/RISCV_SOC/RISCV_SOC.srcs/constrs_1/imports/constraint/100MHZ_constraint.sdc (Line: 22)
Related violations: <none>


