Copyright 1986-2022 Xilinx, Inc. All Rights Reserved. Copyright 2022-2025 Advanced Micro Devices, Inc. All Rights Reserved.
---------------------------------------------------------------------------------------------------------------------------------------------
| Tool Version : Vivado v.2025.1 (win64) Build 6140274 Thu May 22 00:12:29 MDT 2025
| Date         : Sat Mar 14 23:06:44 2026
| Host         : MSI running 64-bit major release  (build 9200)
| Command      : report_control_sets -verbose -file soc_riscv_v2_wrapper_control_sets_placed.rpt
| Design       : soc_riscv_v2_wrapper
| Device       : xc7z020
---------------------------------------------------------------------------------------------------------------------------------------------

Control Set Information

Table of Contents
-----------------
1. Summary
2. Histogram
3. Flip-Flop Distribution
4. Detailed Control Set Information

1. Summary
----------

+----------------------------------------------------------+-------+
|                          Status                          | Count |
+----------------------------------------------------------+-------+
| Total control sets                                       |   134 |
|    Minimum number of control sets                        |   134 |
|    Addition due to synthesis replication                 |     0 |
|    Addition due to physical synthesis replication        |     0 |
| Unused register locations in slices containing registers |   486 |
+----------------------------------------------------------+-------+
* Control sets can be merged at opt_design using control_set_merge or merge_equivalent_drivers
** Run report_qor_suggestions for automated merging and remapping suggestions


2. Histogram
------------

+--------------------+-------+
|       Fanout       | Count |
+--------------------+-------+
| Total control sets |   134 |
| >= 0 to < 4        |    59 |
| >= 4 to < 6        |     9 |
| >= 6 to < 8        |     2 |
| >= 8 to < 10       |     5 |
| >= 10 to < 12      |     3 |
| >= 12 to < 14      |     7 |
| >= 14 to < 16      |     0 |
| >= 16              |    49 |
+--------------------+-------+
* Control sets can be remapped at either synth_design or opt_design


3. Flip-Flop Distribution
-------------------------

+--------------+-----------------------+------------------------+-----------------+--------------+
| Clock Enable | Synchronous Set/Reset | Asynchronous Set/Reset | Total Registers | Total Slices |
+--------------+-----------------------+------------------------+-----------------+--------------+
| No           | No                    | No                     |             207 |           72 |
| No           | No                    | Yes                    |              93 |           31 |
| No           | Yes                   | No                     |             166 |           92 |
| Yes          | No                    | No                     |             255 |           73 |
| Yes          | No                    | Yes                    |              64 |           17 |
| Yes          | Yes                   | No                     |            1233 |          450 |
+--------------+-----------------------+------------------------+-----------------+--------------+


4. Detailed Control Set Information
-----------------------------------

+--------------------------------------------------------------------------+--------------------------------------------------------------------------------------------------------------------------------------------------------------------------------+--------------------------------------------------------------------------------------------------------------------------+------------------+----------------+--------------+
|                               Clock Signal                               |                                                                                  Enable Signal                                                                                 |                                                     Set/Reset Signal                                                     | Slice Load Count | Bel Load Count | Bels / Slice |
+--------------------------------------------------------------------------+--------------------------------------------------------------------------------------------------------------------------------------------------------------------------------+--------------------------------------------------------------------------------------------------------------------------+------------------+----------------+--------------+
|  soc_riscv_v2_i/processing_system7_0/inst/FCLK_CLK0                      |                                                                                                                                                                                | soc_riscv_v2_i/axi_smc/inst/m02_nodes/m02_aw_node/inst/s_sc_areset_pipe                                                  |                1 |              1 |         1.00 |
|  soc_riscv_v2_i/processing_system7_0/inst/FCLK_CLK0                      |                                                                                                                                                                                | soc_riscv_v2_i/axi_smc/inst/s00_nodes/s00_b_node/inst/s_sc_areset_pipe                                                   |                1 |              1 |         1.00 |
|  soc_riscv_v2_i/processing_system7_0/inst/FCLK_CLK0                      |                                                                                                                                                                                | soc_riscv_v2_i/axi_smc/inst/m00_nodes/m00_b_node/inst/s_sc_areset_pipe                                                   |                1 |              1 |         1.00 |
|  soc_riscv_v2_i/processing_system7_0/inst/FCLK_CLK0                      |                                                                                                                                                                                | soc_riscv_v2_i/axi_smc/inst/switchboards/i_nodes/i_aw_node/inst/s_sc_areset_pipe                                         |                1 |              1 |         1.00 |
|  soc_riscv_v2_i/processing_system7_0/inst/FCLK_CLK0                      |                                                                                                                                                                                | soc_riscv_v2_i/axi_smc/inst/m00_nodes/m00_r_node/inst/s_sc_areset_pipe                                                   |                1 |              1 |         1.00 |
|  soc_riscv_v2_i/processing_system7_0/inst/FCLK_CLK0                      |                                                                                                                                                                                | soc_riscv_v2_i/axi_smc/inst/s00_nodes/s00_r_node/inst/s_sc_areset_pipe                                                   |                1 |              1 |         1.00 |
|  soc_riscv_v2_i/processing_system7_0/inst/FCLK_CLK0                      |                                                                                                                                                                                | soc_riscv_v2_i/axi_smc/inst/m00_nodes/m00_w_node/inst/s_sc_areset_pipe                                                   |                1 |              1 |         1.00 |
|  soc_riscv_v2_i/processing_system7_0/inst/FCLK_CLK0                      |                                                                                                                                                                                | soc_riscv_v2_i/axi_smc/inst/m00_nodes/m00_aw_node/inst/s_sc_areset_pipe                                                  |                1 |              1 |         1.00 |
|  soc_riscv_v2_i/processing_system7_0/inst/FCLK_CLK0                      |                                                                                                                                                                                | soc_riscv_v2_i/axi_smc/inst/m00_nodes/m00_ar_node/inst/s_sc_areset_pipe                                                  |                1 |              1 |         1.00 |
|  soc_riscv_v2_i/processing_system7_0/inst/FCLK_CLK0                      |                                                                                                                                                                                | soc_riscv_v2_i/axi_smc/inst/switchboards/i_nodes/i_w_node/inst/s_sc_areset_pipe                                          |                1 |              1 |         1.00 |
|  soc_riscv_v2_i/processing_system7_0/inst/FCLK_CLK0                      |                                                                                                                                                                                | soc_riscv_v2_i/axi_smc/inst/s00_nodes/s00_w_node/inst/s_sc_areset_pipe                                                   |                1 |              1 |         1.00 |
|  soc_riscv_v2_i/processing_system7_0/inst/FCLK_CLK0                      |                                                                                                                                                                                | soc_riscv_v2_i/axi_smc/inst/switchboards/i_nodes/i_r_node/inst/s_sc_areset_pipe                                          |                1 |              1 |         1.00 |
|  soc_riscv_v2_i/processing_system7_0/inst/FCLK_CLK0                      |                                                                                                                                                                                | soc_riscv_v2_i/axi_smc/inst/m01_nodes/m01_ar_node/inst/s_sc_areset_pipe                                                  |                1 |              1 |         1.00 |
|  soc_riscv_v2_i/processing_system7_0/inst/FCLK_CLK0                      |                                                                                                                                                                                | soc_riscv_v2_i/axi_smc/inst/m02_nodes/m02_ar_node/inst/s_sc_areset_pipe                                                  |                1 |              1 |         1.00 |
|  soc_riscv_v2_i/processing_system7_0/inst/FCLK_CLK0                      |                                                                                                                                                                                | soc_riscv_v2_i/axi_smc/inst/s00_nodes/s00_ar_node/inst/s_sc_areset_pipe                                                  |                1 |              1 |         1.00 |
|  soc_riscv_v2_i/processing_system7_0/inst/FCLK_CLK0                      |                                                                                                                                                                                | soc_riscv_v2_i/axi_smc/inst/m01_nodes/m01_aw_node/inst/s_sc_areset_pipe                                                  |                1 |              1 |         1.00 |
|  soc_riscv_v2_i/processing_system7_0/inst/FCLK_CLK0                      |                                                                                                                                                                                | soc_riscv_v2_i/axi_smc/inst/switchboards/i_nodes/i_ar_node/inst/s_sc_areset_pipe                                         |                1 |              1 |         1.00 |
|  soc_riscv_v2_i/processing_system7_0/inst/FCLK_CLK0                      |                                                                                                                                                                                | soc_riscv_v2_i/axi_smc/inst/m02_nodes/m02_b_node/inst/s_sc_areset_pipe                                                   |                1 |              1 |         1.00 |
|  soc_riscv_v2_i/processing_system7_0/inst/FCLK_CLK0                      |                                                                                                                                                                                | soc_riscv_v2_i/axi_smc/inst/m01_nodes/m01_b_node/inst/s_sc_areset_pipe                                                   |                1 |              1 |         1.00 |
|  soc_riscv_v2_i/processing_system7_0/inst/FCLK_CLK0                      |                                                                                                                                                                                | soc_riscv_v2_i/axi_smc/inst/m02_nodes/m02_r_node/inst/s_sc_areset_pipe                                                   |                1 |              1 |         1.00 |
|  soc_riscv_v2_i/processing_system7_0/inst/FCLK_CLK0                      |                                                                                                                                                                                | soc_riscv_v2_i/axi_smc/inst/s00_nodes/s00_aw_node/inst/s_sc_areset_pipe                                                  |                1 |              1 |         1.00 |
|  soc_riscv_v2_i/processing_system7_0/inst/FCLK_CLK0                      |                                                                                                                                                                                | soc_riscv_v2_i/axi_smc/inst/m02_nodes/m02_w_node/inst/s_sc_areset_pipe                                                   |                1 |              1 |         1.00 |
|  soc_riscv_v2_i/processing_system7_0/inst/FCLK_CLK0                      |                                                                                                                                                                                | soc_riscv_v2_i/axi_smc/inst/m01_nodes/m01_r_node/inst/s_sc_areset_pipe                                                   |                1 |              1 |         1.00 |
|  soc_riscv_v2_i/processing_system7_0/inst/FCLK_CLK0                      |                                                                                                                                                                                | soc_riscv_v2_i/axi_smc/inst/switchboards/i_nodes/i_b_node/inst/s_sc_areset_pipe                                          |                1 |              1 |         1.00 |
|  soc_riscv_v2_i/processing_system7_0/inst/FCLK_CLK0                      |                                                                                                                                                                                | soc_riscv_v2_i/axi_smc/inst/m01_nodes/m01_w_node/inst/s_sc_areset_pipe                                                   |                1 |              1 |         1.00 |
|  soc_riscv_v2_i/cpu_0/inst/control_unit/write_back_source_reg[1]_i_2_n_0 |                                                                                                                                                                                |                                                                                                                          |                1 |              2 |         2.00 |
|  soc_riscv_v2_i/cpu_0/inst/control_unit/alu_source_reg_i_2_n_0           |                                                                                                                                                                                |                                                                                                                          |                1 |              3 |         3.00 |
|  soc_riscv_v2_i/cpu_0/inst/control_unit/imm_source_reg[2]_i_2_n_0        |                                                                                                                                                                                |                                                                                                                          |                1 |              3 |         3.00 |
|  soc_riscv_v2_i/processing_system7_0/inst/FCLK_CLK0                      |                                                                                                                                                                                | soc_riscv_v2_i/axi_smc/inst/s00_nodes/s00_ar_node/inst/s_sc_xpm_cdc_async_rst_inst/reset_pol                             |                1 |              3 |         3.00 |
|  soc_riscv_v2_i/processing_system7_0/inst/FCLK_CLK0                      |                                                                                                                                                                                | soc_riscv_v2_i/axi_smc/inst/m00_exit_pipeline/m00_exit/inst/xpm_cdc_async_rst_inst/reset_pol                             |                1 |              3 |         3.00 |
|  soc_riscv_v2_i/processing_system7_0/inst/FCLK_CLK0                      |                                                                                                                                                                                | soc_riscv_v2_i/axi_smc/inst/s00_nodes/s00_aw_node/inst/s_sc_xpm_cdc_async_rst_inst/reset_pol                             |                1 |              3 |         3.00 |
|  soc_riscv_v2_i/processing_system7_0/inst/FCLK_CLK0                      |                                                                                                                                                                                | soc_riscv_v2_i/axi_smc/inst/m00_nodes/m00_aw_node/inst/s_sc_xpm_cdc_async_rst_inst/reset_pol                             |                1 |              3 |         3.00 |
|  soc_riscv_v2_i/processing_system7_0/inst/FCLK_CLK0                      |                                                                                                                                                                                | soc_riscv_v2_i/axi_smc/inst/m00_nodes/m00_ar_node/inst/s_sc_xpm_cdc_async_rst_inst/reset_pol                             |                1 |              3 |         3.00 |
|  soc_riscv_v2_i/processing_system7_0/inst/FCLK_CLK0                      |                                                                                                                                                                                | soc_riscv_v2_i/axi_smc/inst/s00_nodes/s00_b_node/inst/s_sc_xpm_cdc_async_rst_inst/reset_pol                              |                1 |              3 |         3.00 |
|  soc_riscv_v2_i/processing_system7_0/inst/FCLK_CLK0                      |                                                                                                                                                                                | soc_riscv_v2_i/axi_smc/inst/s00_entry_pipeline/s00_si_converter/inst/xpm_cdc_async_rst_inst/reset_pol                    |                1 |              3 |         3.00 |
|  soc_riscv_v2_i/processing_system7_0/inst/FCLK_CLK0                      |                                                                                                                                                                                | soc_riscv_v2_i/axi_smc/inst/s00_nodes/s00_r_node/inst/s_sc_xpm_cdc_async_rst_inst/reset_pol                              |                1 |              3 |         3.00 |
|  soc_riscv_v2_i/processing_system7_0/inst/FCLK_CLK0                      |                                                                                                                                                                                | soc_riscv_v2_i/axi_smc/inst/m02_nodes/m02_aw_node/inst/s_sc_xpm_cdc_async_rst_inst/reset_pol                             |                1 |              3 |         3.00 |
|  soc_riscv_v2_i/processing_system7_0/inst/FCLK_CLK0                      |                                                                                                                                                                                | soc_riscv_v2_i/axi_smc/inst/m02_nodes/m02_ar_node/inst/s_sc_xpm_cdc_async_rst_inst/reset_pol                             |                1 |              3 |         3.00 |
|  soc_riscv_v2_i/processing_system7_0/inst/FCLK_CLK0                      |                                                                                                                                                                                | soc_riscv_v2_i/axi_smc/inst/m02_nodes/m02_b_node/inst/s_sc_xpm_cdc_async_rst_inst/reset_pol                              |                1 |              3 |         3.00 |
|  soc_riscv_v2_i/processing_system7_0/inst/FCLK_CLK0                      |                                                                                                                                                                                | soc_riscv_v2_i/axi_smc/inst/m02_nodes/m02_r_node/inst/s_sc_xpm_cdc_async_rst_inst/reset_pol                              |                1 |              3 |         3.00 |
|  soc_riscv_v2_i/processing_system7_0/inst/FCLK_CLK0                      |                                                                                                                                                                                | soc_riscv_v2_i/axi_smc/inst/m02_nodes/m02_w_node/inst/s_sc_xpm_cdc_async_rst_inst/reset_pol                              |                1 |              3 |         3.00 |
|  soc_riscv_v2_i/processing_system7_0/inst/FCLK_CLK0                      |                                                                                                                                                                                | soc_riscv_v2_i/axi_smc/inst/s00_nodes/s00_w_node/inst/s_sc_xpm_cdc_async_rst_inst/reset_pol                              |                1 |              3 |         3.00 |
|  soc_riscv_v2_i/processing_system7_0/inst/FCLK_CLK0                      |                                                                                                                                                                                | soc_riscv_v2_i/axi_smc/inst/switchboards/i_nodes/i_ar_node/inst/s_sc_xpm_cdc_async_rst_inst/reset_pol                    |                1 |              3 |         3.00 |
|  soc_riscv_v2_i/processing_system7_0/inst/FCLK_CLK0                      |                                                                                                                                                                                | soc_riscv_v2_i/axi_smc/inst/m02_exit_pipeline/m02_exit/inst/xpm_cdc_async_rst_inst/reset_pol                             |                1 |              3 |         3.00 |
|  soc_riscv_v2_i/processing_system7_0/inst/FCLK_CLK0                      |                                                                                                                                                                                | soc_riscv_v2_i/axi_smc/inst/m00_nodes/m00_b_node/inst/s_sc_xpm_cdc_async_rst_inst/reset_pol                              |                1 |              3 |         3.00 |
|  soc_riscv_v2_i/processing_system7_0/inst/FCLK_CLK0                      |                                                                                                                                                                                | soc_riscv_v2_i/axi_smc/inst/m00_nodes/m00_r_node/inst/s_sc_xpm_cdc_async_rst_inst/reset_pol                              |                1 |              3 |         3.00 |
|  soc_riscv_v2_i/processing_system7_0/inst/FCLK_CLK0                      |                                                                                                                                                                                | soc_riscv_v2_i/axi_smc/inst/m00_nodes/m00_w_node/inst/s_sc_xpm_cdc_async_rst_inst/reset_pol                              |                1 |              3 |         3.00 |
|  soc_riscv_v2_i/processing_system7_0/inst/FCLK_CLK0                      |                                                                                                                                                                                | soc_riscv_v2_i/axi_smc/inst/switchboards/i_nodes/i_aw_node/inst/s_sc_xpm_cdc_async_rst_inst/reset_pol                    |                1 |              3 |         3.00 |
|  soc_riscv_v2_i/processing_system7_0/inst/FCLK_CLK0                      |                                                                                                                                                                                | soc_riscv_v2_i/axi_smc/inst/m01_exit_pipeline/m01_exit/inst/xpm_cdc_async_rst_inst/reset_pol                             |                1 |              3 |         3.00 |
|  soc_riscv_v2_i/processing_system7_0/inst/FCLK_CLK0                      |                                                                                                                                                                                | soc_riscv_v2_i/axi_smc/inst/m01_nodes/m01_ar_node/inst/s_sc_xpm_cdc_async_rst_inst/reset_pol                             |                1 |              3 |         3.00 |
|  soc_riscv_v2_i/processing_system7_0/inst/FCLK_CLK0                      |                                                                                                                                                                                | soc_riscv_v2_i/axi_smc/inst/m01_nodes/m01_aw_node/inst/s_sc_xpm_cdc_async_rst_inst/reset_pol                             |                1 |              3 |         3.00 |
|  soc_riscv_v2_i/processing_system7_0/inst/FCLK_CLK0                      |                                                                                                                                                                                | soc_riscv_v2_i/axi_smc/inst/m01_nodes/m01_b_node/inst/s_sc_xpm_cdc_async_rst_inst/reset_pol                              |                1 |              3 |         3.00 |
|  soc_riscv_v2_i/processing_system7_0/inst/FCLK_CLK0                      |                                                                                                                                                                                | soc_riscv_v2_i/axi_smc/inst/m01_nodes/m01_r_node/inst/s_sc_xpm_cdc_async_rst_inst/reset_pol                              |                1 |              3 |         3.00 |
|  soc_riscv_v2_i/processing_system7_0/inst/FCLK_CLK0                      |                                                                                                                                                                                | soc_riscv_v2_i/axi_smc/inst/m01_nodes/m01_w_node/inst/s_sc_xpm_cdc_async_rst_inst/reset_pol                              |                1 |              3 |         3.00 |
|  soc_riscv_v2_i/processing_system7_0/inst/FCLK_CLK0                      |                                                                                                                                                                                | soc_riscv_v2_i/axi_smc/inst/s00_entry_pipeline/s00_mmu/inst/xpm_cdc_async_rst_inst/reset_pol                             |                1 |              3 |         3.00 |
|  soc_riscv_v2_i/processing_system7_0/inst/FCLK_CLK0                      |                                                                                                                                                                                | soc_riscv_v2_i/axi_smc/inst/switchboards/i_nodes/i_b_node/inst/s_sc_xpm_cdc_async_rst_inst/reset_pol                     |                1 |              3 |         3.00 |
|  soc_riscv_v2_i/processing_system7_0/inst/FCLK_CLK0                      |                                                                                                                                                                                | soc_riscv_v2_i/axi_smc/inst/switchboards/i_nodes/i_r_node/inst/s_sc_xpm_cdc_async_rst_inst/reset_pol                     |                1 |              3 |         3.00 |
|  soc_riscv_v2_i/processing_system7_0/inst/FCLK_CLK0                      |                                                                                                                                                                                | soc_riscv_v2_i/axi_smc/inst/switchboards/i_nodes/i_w_node/inst/s_sc_xpm_cdc_async_rst_inst/reset_pol                     |                1 |              3 |         3.00 |
|  soc_riscv_v2_i/processing_system7_0/inst/FCLK_CLK0                      |                                                                                                                                                                                | soc_riscv_v2_i/axi_smc/inst/s00_entry_pipeline/s00_transaction_regulator/inst/xpm_cdc_async_rst_inst/reset_pol           |                1 |              3 |         3.00 |
|  soc_riscv_v2_i/processing_system7_0/inst/FCLK_CLK0                      |                                                                                                                                                                                | soc_riscv_v2_i/cpu_reset_0/U0/AXI_LITE_IPIF_I/I_SLAVE_ATTACHMENT/clear                                                   |                1 |              4 |         4.00 |
|  soc_riscv_v2_i/processing_system7_0/inst/FCLK_CLK0                      |                                                                                                                                                                                | soc_riscv_v2_i/axi_smc/inst/clk_map/psr_aclk/U0/EXT_LPF/lpf_int                                                          |                2 |              4 |         2.00 |
|  soc_riscv_v2_i/cpu_0/inst/control_unit/alu_control_reg[3]_i_2_n_0       |                                                                                                                                                                                |                                                                                                                          |                1 |              4 |         4.00 |
|  soc_riscv_v2_i/processing_system7_0/inst/FCLK_CLK0                      | soc_riscv_v2_i/axi_smc/inst/s00_entry_pipeline/s00_si_converter/inst/gen_axilite_conv.axilite_conv_inst/r_state                                                                | soc_riscv_v2_i/axi_smc/inst/s00_entry_pipeline/s00_si_converter/inst/areset                                              |                1 |              4 |         4.00 |
|  soc_riscv_v2_i/processing_system7_0/inst/FCLK_CLK0                      |                                                                                                                                                                                | soc_riscv_v2_i/rst_ps7_0_100M/U0/EXT_LPF/lpf_int                                                                         |                2 |              4 |         2.00 |
|  soc_riscv_v2_i/processing_system7_0/inst/FCLK_CLK0                      | soc_riscv_v2_i/cpu_reset_0/U0/AXI_LITE_IPIF_I/I_SLAVE_ATTACHMENT/start2                                                                                                        | soc_riscv_v2_i/cpu_reset_0/U0/AXI_LITE_IPIF_I/I_SLAVE_ATTACHMENT/I_DECODER/cs_ce_clr                                     |                1 |              4 |         4.00 |
|  soc_riscv_v2_i/processing_system7_0/inst/FCLK_CLK0                      | soc_riscv_v2_i/cpu_reset_0/U0/AXI_LITE_IPIF_I/I_SLAVE_ATTACHMENT/bus2ip_addr_i[8]_i_1_n_0                                                                                      | soc_riscv_v2_i/cpu_reset_0/U0/AXI_LITE_IPIF_I/I_SLAVE_ATTACHMENT/SS[0]                                                   |                1 |              4 |         4.00 |
|  soc_riscv_v2_i/processing_system7_0/inst/FCLK_CLK0                      |                                                                                                                                                                                | soc_riscv_v2_i/DMEM_0/inst/p_0_in                                                                                        |                3 |              5 |         1.67 |
|  soc_riscv_v2_i/processing_system7_0/inst/FCLK_CLK0                      |                                                                                                                                                                                | soc_riscv_v2_i/IMEM_0/inst/p_0_in                                                                                        |                2 |              5 |         2.50 |
|  soc_riscv_v2_i/processing_system7_0/inst/FCLK_CLK0                      | soc_riscv_v2_i/axi_smc/inst/clk_map/psr_aclk/U0/SEQ/seq_cnt_en                                                                                                                 | soc_riscv_v2_i/axi_smc/inst/clk_map/psr_aclk/U0/SEQ/SEQ_COUNTER/clear                                                    |                1 |              6 |         6.00 |
|  soc_riscv_v2_i/processing_system7_0/inst/FCLK_CLK0                      | soc_riscv_v2_i/rst_ps7_0_100M/U0/SEQ/seq_cnt_en                                                                                                                                | soc_riscv_v2_i/rst_ps7_0_100M/U0/SEQ/SEQ_COUNTER/clear                                                                   |                1 |              6 |         6.00 |
|  soc_riscv_v2_i/processing_system7_0/inst/FCLK_CLK0                      | soc_riscv_v2_i/axi_smc/inst/s00_entry_pipeline/s00_si_converter/inst/gen_axilite_conv.axilite_conv_inst/ar_cnt[7]_i_1_n_0                                                      | soc_riscv_v2_i/axi_smc/inst/s00_entry_pipeline/s00_si_converter/inst/areset                                              |                3 |              8 |         2.67 |
|  soc_riscv_v2_i/processing_system7_0/inst/FCLK_CLK0                      | soc_riscv_v2_i/axi_smc/inst/s00_entry_pipeline/s00_si_converter/inst/gen_axilite_conv.axilite_conv_inst/r_beats[7]_i_1_n_0                                                     | soc_riscv_v2_i/axi_smc/inst/s00_entry_pipeline/s00_si_converter/inst/areset                                              |                4 |              8 |         2.00 |
|  soc_riscv_v2_i/processing_system7_0/inst/FCLK_CLK0                      | soc_riscv_v2_i/axi_smc/inst/s00_entry_pipeline/s00_mmu/inst/gen_endpoint.decerr_slave_inst/gen_axi.gen_read.read_cnt[7]_i_1_n_0                                                | soc_riscv_v2_i/axi_smc/inst/s00_entry_pipeline/s00_mmu/inst/areset                                                       |                2 |              8 |         4.00 |
|  soc_riscv_v2_i/processing_system7_0/inst/FCLK_CLK0                      | soc_riscv_v2_i/axi_smc/inst/s00_entry_pipeline/s00_si_converter/inst/gen_axilite_conv.axilite_conv_inst/s_buser                                                                | soc_riscv_v2_i/axi_smc/inst/s00_entry_pipeline/s00_si_converter/inst/gen_axilite_conv.axilite_conv_inst/b_cnt[8]_i_1_n_0 |                2 |              9 |         4.50 |
|  soc_riscv_v2_i/processing_system7_0/inst/FCLK_CLK0                      | soc_riscv_v2_i/axi_smc/inst/s00_entry_pipeline/s00_si_converter/inst/gen_axilite_conv.axilite_conv_inst/w_cnt[8]_i_1_n_0                                                       | soc_riscv_v2_i/axi_smc/inst/s00_entry_pipeline/s00_si_converter/inst/areset                                              |                3 |              9 |         3.00 |
|  soc_riscv_v2_i/processing_system7_0/inst/FCLK_CLK0                      | soc_riscv_v2_i/axi_smc/inst/s00_entry_pipeline/s00_si_converter/inst/gen_axilite_conv.axilite_conv_inst/ar_addr_d[11]_i_1_n_0                                                  | soc_riscv_v2_i/axi_smc/inst/s00_entry_pipeline/s00_si_converter/inst/areset                                              |                5 |             10 |         2.00 |
|  soc_riscv_v2_i/processing_system7_0/inst/FCLK_CLK0                      | soc_riscv_v2_i/axi_smc/inst/switchboards/i_nodes/i_ar_node/inst/inst_mi_handler/gen_normal_area.inst_fifo_node_payld/gen_reg_fifo.inst_reg_fifo/gen_single_rank.inst_cntr/E[0] |                                                                                                                          |                3 |             10 |         3.33 |
|  soc_riscv_v2_i/processing_system7_0/inst/FCLK_CLK0                      | soc_riscv_v2_i/axi_smc/inst/switchboards/i_nodes/i_aw_node/inst/inst_mi_handler/gen_normal_area.inst_fifo_node_payld/gen_reg_fifo.inst_reg_fifo/gen_single_rank.inst_cntr/E[0] |                                                                                                                          |                3 |             10 |         3.33 |
|  soc_riscv_v2_i/processing_system7_0/inst/FCLK_CLK0                      |                                                                                                                                                                                | soc_riscv_v2_i/axi_smc/inst/switchboards/i_nodes/i_r_node/inst/inst_si_handler/areset_r                                  |                5 |             12 |         2.40 |
|  soc_riscv_v2_i/processing_system7_0/inst/FCLK_CLK0                      |                                                                                                                                                                                | soc_riscv_v2_i/axi_smc/inst/switchboards/i_nodes/i_b_node/inst/inst_si_handler/areset_r                                  |                5 |             12 |         2.40 |
|  soc_riscv_v2_i/processing_system7_0/inst/FCLK_CLK0                      | soc_riscv_v2_i/axi_smc/inst/s00_entry_pipeline/s00_si_converter/inst/gen_axilite_conv.axilite_conv_inst/aw_addr[11]_i_1_n_0                                                    | soc_riscv_v2_i/axi_smc/inst/s00_entry_pipeline/s00_si_converter/inst/areset                                              |                4 |             12 |         3.00 |
|  soc_riscv_v2_i/processing_system7_0/inst/FCLK_CLK0                      | soc_riscv_v2_i/axi_smc/inst/s00_entry_pipeline/s00_mmu/inst/gen_endpoint.decerr_slave_inst/gen_axi.gen_write.s_axi_bid_i[11]_i_1_n_0                                           | soc_riscv_v2_i/axi_smc/inst/s00_entry_pipeline/s00_mmu/inst/areset                                                       |                4 |             12 |         3.00 |
|  soc_riscv_v2_i/processing_system7_0/inst/FCLK_CLK0                      | soc_riscv_v2_i/axi_smc/inst/s00_entry_pipeline/s00_mmu/inst/gen_endpoint.decerr_slave_inst/gen_axi.gen_read.s_axi_rid_i[11]_i_1_n_0                                            | soc_riscv_v2_i/axi_smc/inst/s00_entry_pipeline/s00_mmu/inst/areset                                                       |                3 |             12 |         4.00 |
|  soc_riscv_v2_i/processing_system7_0/inst/FCLK_CLK0                      | soc_riscv_v2_i/axi_smc/inst/s00_entry_pipeline/s00_transaction_regulator/inst/gen_endpoint.gen_r_singleorder.r_singleorder/gen_id_reg.s_rid_i0                                 |                                                                                                                          |                4 |             12 |         3.00 |
|  soc_riscv_v2_i/processing_system7_0/inst/FCLK_CLK0                      | soc_riscv_v2_i/axi_smc/inst/s00_entry_pipeline/s00_transaction_regulator/inst/gen_endpoint.gen_w_singleorder.w_singleorder/gen_id_reg.s_rid_i0                                 |                                                                                                                          |                3 |             12 |         4.00 |
|  soc_riscv_v2_i/processing_system7_0/inst/FCLK_CLK0                      |                                                                                                                                                                                | soc_riscv_v2_i/axi_smc/inst/s00_entry_pipeline/s00_si_converter/inst/areset                                              |               14 |             20 |         1.43 |
|  soc_riscv_v2_i/processing_system7_0/inst/FCLK_CLK0                      |                                                                                                                                                                                | soc_riscv_v2_i/cpu_reset_0/U0/AXI_LITE_IPIF_I/I_SLAVE_ATTACHMENT/SS[0]                                                   |                6 |             20 |         3.33 |
|  soc_riscv_v2_i/processing_system7_0/inst/FCLK_CLK0                      |                                                                                                                                                                                | soc_riscv_v2_i/axi_smc/inst/s00_entry_pipeline/s00_mmu/inst/areset                                                       |               11 |             23 |         2.09 |
|  soc_riscv_v2_i/processing_system7_0/inst/FCLK_CLK0                      | soc_riscv_v2_i/cpu_0/inst/control_unit/imem_dout[11]_12[0]                                                                                                                     | soc_riscv_v2_i/cpu_0/inst/regfile/SR[0]                                                                                  |               12 |             32 |         2.67 |
|  soc_riscv_v2_i/processing_system7_0/inst/FCLK_CLK0                      | soc_riscv_v2_i/cpu_0/inst/control_unit/imem_dout[11]_5[0]                                                                                                                      | soc_riscv_v2_i/cpu_0/inst/regfile/SR[0]                                                                                  |                9 |             32 |         3.56 |
|  soc_riscv_v2_i/processing_system7_0/inst/FCLK_CLK0                      | soc_riscv_v2_i/cpu_0/inst/control_unit/imem_dout[10]_4[0]                                                                                                                      | soc_riscv_v2_i/cpu_0/inst/regfile/SR[0]                                                                                  |                9 |             32 |         3.56 |
|  soc_riscv_v2_i/processing_system7_0/inst/FCLK_CLK0                      | soc_riscv_v2_i/cpu_0/inst/control_unit/imem_dout[11]_9[0]                                                                                                                      | soc_riscv_v2_i/cpu_0/inst/regfile/SR[0]                                                                                  |               11 |             32 |         2.91 |
|  soc_riscv_v2_i/processing_system7_0/inst/FCLK_CLK0                      | soc_riscv_v2_i/cpu_0/inst/control_unit/imem_dout[10][0]                                                                                                                        | soc_riscv_v2_i/cpu_0/inst/regfile/SR[0]                                                                                  |               11 |             32 |         2.91 |
|  soc_riscv_v2_i/processing_system7_0/inst/FCLK_CLK0                      | soc_riscv_v2_i/cpu_0/inst/control_unit/imem_dout[7]_1[0]                                                                                                                       | soc_riscv_v2_i/cpu_0/inst/regfile/SR[0]                                                                                  |               10 |             32 |         3.20 |
|  soc_riscv_v2_i/processing_system7_0/inst/FCLK_CLK0                      | soc_riscv_v2_i/cpu_0/inst/control_unit/imem_dout[9]_3[0]                                                                                                                       | soc_riscv_v2_i/cpu_0/inst/regfile/SR[0]                                                                                  |               12 |             32 |         2.67 |
|  soc_riscv_v2_i/processing_system7_0/inst/FCLK_CLK0                      | soc_riscv_v2_i/cpu_0/inst/control_unit/imem_dout[7]_0[0]                                                                                                                       | soc_riscv_v2_i/cpu_0/inst/regfile/SR[0]                                                                                  |               11 |             32 |         2.91 |
|  soc_riscv_v2_i/processing_system7_0/inst/FCLK_CLK0                      | soc_riscv_v2_i/cpu_0/inst/control_unit/imem_dout[11]_7[0]                                                                                                                      | soc_riscv_v2_i/cpu_0/inst/regfile/SR[0]                                                                                  |               12 |             32 |         2.67 |
|  soc_riscv_v2_i/processing_system7_0/inst/FCLK_CLK0                      | soc_riscv_v2_i/cpu_0/inst/control_unit/imem_dout[8]_0[0]                                                                                                                       | soc_riscv_v2_i/cpu_0/inst/regfile/SR[0]                                                                                  |               11 |             32 |         2.91 |
|  soc_riscv_v2_i/processing_system7_0/inst/FCLK_CLK0                      | soc_riscv_v2_i/cpu_0/inst/control_unit/imem_dout[9][0]                                                                                                                         | soc_riscv_v2_i/cpu_0/inst/regfile/SR[0]                                                                                  |               12 |             32 |         2.67 |
|  soc_riscv_v2_i/processing_system7_0/inst/FCLK_CLK0                      | soc_riscv_v2_i/cpu_0/inst/control_unit/imem_dout[8][0]                                                                                                                         | soc_riscv_v2_i/cpu_0/inst/regfile/SR[0]                                                                                  |               14 |             32 |         2.29 |
|  soc_riscv_v2_i/processing_system7_0/inst/FCLK_CLK0                      | soc_riscv_v2_i/cpu_0/inst/control_unit/imem_dout[7][0]                                                                                                                         | soc_riscv_v2_i/cpu_0/inst/regfile/SR[0]                                                                                  |               13 |             32 |         2.46 |
|  soc_riscv_v2_i/processing_system7_0/inst/FCLK_CLK0                      | soc_riscv_v2_i/cpu_0/inst/control_unit/imem_dout[9]_2[0]                                                                                                                       | soc_riscv_v2_i/cpu_0/inst/regfile/SR[0]                                                                                  |               15 |             32 |         2.13 |
|  soc_riscv_v2_i/processing_system7_0/inst/FCLK_CLK0                      | soc_riscv_v2_i/calc_ip_0/inst/reg_A_1                                                                                                                                          | soc_riscv_v2_i/calc_ip_0/inst/reg_A[31]_i_2_n_0                                                                          |                9 |             32 |         3.56 |
|  soc_riscv_v2_i/processing_system7_0/inst/FCLK_CLK0                      | soc_riscv_v2_i/calc_ip_0/inst/reg_B_0                                                                                                                                          | soc_riscv_v2_i/calc_ip_0/inst/reg_A[31]_i_2_n_0                                                                          |                8 |             32 |         4.00 |
|  soc_riscv_v2_i/processing_system7_0/inst/FCLK_CLK0                      | soc_riscv_v2_i/cpu_0/inst/control_unit/imem_dout[9]_1[0]                                                                                                                       | soc_riscv_v2_i/cpu_0/inst/regfile/SR[0]                                                                                  |               14 |             32 |         2.29 |
|  soc_riscv_v2_i/processing_system7_0/inst/FCLK_CLK0                      | soc_riscv_v2_i/DMEM_0/inst/axi_rdata[31]_i_1_n_0                                                                                                                               | soc_riscv_v2_i/DMEM_0/inst/p_0_in                                                                                        |               11 |             32 |         2.91 |
|  soc_riscv_v2_i/processing_system7_0/inst/FCLK_CLK0                      |                                                                                                                                                                                | soc_riscv_v2_i/cpu_0/inst/regfile/SR[0]                                                                                  |               16 |             32 |         2.00 |
|  soc_riscv_v2_i/processing_system7_0/inst/FCLK_CLK0                      | soc_riscv_v2_i/cpu_0/inst/control_unit/imem_dout[11]_8[0]                                                                                                                      | soc_riscv_v2_i/cpu_0/inst/regfile/SR[0]                                                                                  |               12 |             32 |         2.67 |
|  soc_riscv_v2_i/processing_system7_0/inst/FCLK_CLK0                      | soc_riscv_v2_i/cpu_0/inst/control_unit/E[0]                                                                                                                                    | soc_riscv_v2_i/cpu_0/inst/regfile/SR[0]                                                                                  |               13 |             32 |         2.46 |
|  soc_riscv_v2_i/processing_system7_0/inst/FCLK_CLK0                      | soc_riscv_v2_i/cpu_0/inst/control_unit/imem_dout[10]_2[0]                                                                                                                      | soc_riscv_v2_i/cpu_0/inst/regfile/SR[0]                                                                                  |               13 |             32 |         2.46 |
|  soc_riscv_v2_i/processing_system7_0/inst/FCLK_CLK0                      | soc_riscv_v2_i/cpu_0/inst/control_unit/imem_dout[10]_3[0]                                                                                                                      | soc_riscv_v2_i/cpu_0/inst/regfile/SR[0]                                                                                  |               15 |             32 |         2.13 |
|  soc_riscv_v2_i/processing_system7_0/inst/FCLK_CLK0                      | soc_riscv_v2_i/cpu_0/inst/control_unit/imem_dout[11][0]                                                                                                                        | soc_riscv_v2_i/cpu_0/inst/regfile/SR[0]                                                                                  |               12 |             32 |         2.67 |
|  soc_riscv_v2_i/processing_system7_0/inst/FCLK_CLK0                      | soc_riscv_v2_i/axi_smc/inst/s00_entry_pipeline/s00_si_converter/inst/gen_axilite_conv.axilite_conv_inst/s_axi_rdata_i[31]_i_1_n_0                                              | soc_riscv_v2_i/axi_smc/inst/s00_entry_pipeline/s00_si_converter/inst/areset                                              |                5 |             32 |         6.40 |
|  soc_riscv_v2_i/processing_system7_0/inst/FCLK_CLK0                      | soc_riscv_v2_i/cpu_0/inst/control_unit/imem_dout[11]_11[0]                                                                                                                     | soc_riscv_v2_i/cpu_0/inst/regfile/SR[0]                                                                                  |               12 |             32 |         2.67 |
|  soc_riscv_v2_i/processing_system7_0/inst/FCLK_CLK0                      | soc_riscv_v2_i/cpu_0/inst/control_unit/imem_dout[11]_6[0]                                                                                                                      | soc_riscv_v2_i/cpu_0/inst/regfile/SR[0]                                                                                  |               12 |             32 |         2.67 |
|  soc_riscv_v2_i/processing_system7_0/inst/FCLK_CLK0                      | soc_riscv_v2_i/IMEM_0/inst/axi_rdata[31]_i_1_n_0                                                                                                                               | soc_riscv_v2_i/IMEM_0/inst/p_0_in                                                                                        |               11 |             32 |         2.91 |
|  soc_riscv_v2_i/processing_system7_0/inst/FCLK_CLK0                      | soc_riscv_v2_i/cpu_0/inst/control_unit/imem_dout[11]_2[0]                                                                                                                      | soc_riscv_v2_i/cpu_0/inst/regfile/SR[0]                                                                                  |               10 |             32 |         3.20 |
|  soc_riscv_v2_i/processing_system7_0/inst/FCLK_CLK0                      | soc_riscv_v2_i/cpu_0/inst/control_unit/imem_dout[10]_0[0]                                                                                                                      | soc_riscv_v2_i/cpu_0/inst/regfile/SR[0]                                                                                  |               12 |             32 |         2.67 |
|  soc_riscv_v2_i/processing_system7_0/inst/FCLK_CLK0                      | soc_riscv_v2_i/cpu_0/inst/control_unit/imem_dout[9]_0[0]                                                                                                                       | soc_riscv_v2_i/cpu_0/inst/regfile/SR[0]                                                                                  |               14 |             32 |         2.29 |
|  soc_riscv_v2_i/processing_system7_0/inst/FCLK_CLK0                      | soc_riscv_v2_i/cpu_0/inst/control_unit/imem_dout[11]_4[0]                                                                                                                      | soc_riscv_v2_i/cpu_0/inst/regfile/SR[0]                                                                                  |               10 |             32 |         3.20 |
|  soc_riscv_v2_i/processing_system7_0/inst/FCLK_CLK0                      | soc_riscv_v2_i/cpu_0/inst/control_unit/imem_dout[10]_1[0]                                                                                                                      | soc_riscv_v2_i/cpu_0/inst/regfile/SR[0]                                                                                  |               16 |             32 |         2.00 |
|  soc_riscv_v2_i/processing_system7_0/inst/FCLK_CLK0                      | soc_riscv_v2_i/cpu_0/inst/control_unit/imem_dout[11]_10[0]                                                                                                                     | soc_riscv_v2_i/cpu_0/inst/regfile/SR[0]                                                                                  |               13 |             32 |         2.46 |
|  soc_riscv_v2_i/processing_system7_0/inst/FCLK_CLK0                      | soc_riscv_v2_i/cpu_0/inst/control_unit/imem_dout[11]_1[0]                                                                                                                      | soc_riscv_v2_i/cpu_0/inst/regfile/SR[0]                                                                                  |               12 |             32 |         2.67 |
|  soc_riscv_v2_i/processing_system7_0/inst/FCLK_CLK0                      | soc_riscv_v2_i/cpu_0/inst/control_unit/imem_dout[11]_0[0]                                                                                                                      | soc_riscv_v2_i/cpu_0/inst/regfile/SR[0]                                                                                  |               11 |             32 |         2.91 |
|  soc_riscv_v2_i/processing_system7_0/inst/FCLK_CLK0                      | soc_riscv_v2_i/axi_smc/inst/switchboards/i_nodes/i_r_node/inst/inst_mi_handler/gen_normal_area.gen_fi_regulator.inst_fi_regulator/E[0]                                         |                                                                                                                          |               12 |             32 |         2.67 |
|  soc_riscv_v2_i/processing_system7_0/inst/FCLK_CLK0                      | soc_riscv_v2_i/cpu_0/inst/control_unit/imem_dout[11]_3[0]                                                                                                                      | soc_riscv_v2_i/cpu_0/inst/regfile/SR[0]                                                                                  |               13 |             32 |         2.46 |
|  soc_riscv_v2_i/processing_system7_0/inst/FCLK_CLK0                      | soc_riscv_v2_i/axi_smc/inst/s00_entry_pipeline/s00_si_converter/inst/gen_axilite_conv.axilite_conv_inst/m_aruser                                                               | soc_riscv_v2_i/axi_smc/inst/s00_entry_pipeline/s00_si_converter/inst/areset                                              |               12 |             33 |         2.75 |
|  soc_riscv_v2_i/processing_system7_0/inst/FCLK_CLK0                      | soc_riscv_v2_i/axi_smc/inst/s00_entry_pipeline/s00_mmu/inst/ar_reg_stall/skid_buffer[1136]_i_1_n_0                                                                             |                                                                                                                          |                5 |             35 |         7.00 |
|  soc_riscv_v2_i/processing_system7_0/inst/FCLK_CLK0                      | soc_riscv_v2_i/axi_smc/inst/s00_entry_pipeline/s00_mmu/inst/aw_reg_stall/m_vector_i                                                                                            |                                                                                                                          |                9 |             35 |         3.89 |
|  soc_riscv_v2_i/processing_system7_0/inst/FCLK_CLK0                      | soc_riscv_v2_i/axi_smc/inst/s00_entry_pipeline/s00_mmu/inst/aw_reg_stall/skid_buffer[1136]_i_1__0_n_0                                                                          |                                                                                                                          |                9 |             35 |         3.89 |
|  soc_riscv_v2_i/processing_system7_0/inst/FCLK_CLK0                      | soc_riscv_v2_i/axi_smc/inst/s00_entry_pipeline/s00_mmu/inst/ar_reg_stall/m_vector_i                                                                                            |                                                                                                                          |                7 |             35 |         5.00 |
|  soc_riscv_v2_i/processing_system7_0/inst/FCLK_CLK0                      | soc_riscv_v2_i/axi_smc/inst/switchboards/i_nodes/i_w_node/inst/inst_mi_handler/gen_normal_area.inst_fifo_node_payld/gen_reg_fifo.inst_reg_fifo/gen_single_rank.inst_cntr/E[0]  |                                                                                                                          |               18 |             39 |         2.17 |
|  soc_riscv_v2_i/processing_system7_0/inst/FCLK_CLK0                      | soc_riscv_v2_i/DMEM_0/inst/p_1_in                                                                                                                                              |                                                                                                                          |               33 |            132 |         4.00 |
|  soc_riscv_v2_i/processing_system7_0/inst/FCLK_CLK0                      |                                                                                                                                                                                |                                                                                                                          |              103 |            329 |         3.19 |
+--------------------------------------------------------------------------+--------------------------------------------------------------------------------------------------------------------------------------------------------------------------------+--------------------------------------------------------------------------------------------------------------------------+------------------+----------------+--------------+


