Copyright 1986-2022 Xilinx, Inc. All Rights Reserved. Copyright 2022-2025 Advanced Micro Devices, Inc. All Rights Reserved.
------------------------------------------------------------------------------------------------------------------------------------------------------
| Tool Version : Vivado v.2025.1 (win64) Build 6140274 Thu May 22 00:12:29 MDT 2025
| Date         : Sat Mar 14 23:11:54 2026
| Host         : MSI running 64-bit major release  (build 9200)
| Command      : report_drc -file soc_riscv_v2_wrapper_drc_routed.rpt -pb soc_riscv_v2_wrapper_drc_routed.pb -rpx soc_riscv_v2_wrapper_drc_routed.rpx
| Design       : soc_riscv_v2_wrapper
| Device       : xc7z020clg484-1
| Speed File   : -1
| Design State : Fully Routed
------------------------------------------------------------------------------------------------------------------------------------------------------

Report DRC

Table of Contents
-----------------
1. REPORT SUMMARY
2. REPORT DETAILS

1. REPORT SUMMARY
-----------------
            Netlist: netlist
          Floorplan: design_1
      Design limits: <entire design considered>
           Ruledeck: default
             Max checks: <unlimited>
             Checks found: 5
+-----------+----------+-------------------+--------+
| Rule      | Severity | Description       | Checks |
+-----------+----------+-------------------+--------+
| PDRC-153  | Warning  | Gated clock check | 4      |
| RTSTAT-10 | Warning  | No routable loads | 1      |
+-----------+----------+-------------------+--------+

2. REPORT DETAILS
-----------------
PDRC-153#1 Warning
Gated clock check  
Net soc_riscv_v2_i/cpu_0/inst/control_unit/alu_control_reg[3]_i_2_n_0 is a gated clock net sourced by a combinational pin soc_riscv_v2_i/cpu_0/inst/control_unit/alu_control_reg[3]_i_2/O, cell soc_riscv_v2_i/cpu_0/inst/control_unit/alu_control_reg[3]_i_2. This is not good design practice and will likely impact performance. For SLICE registers, for example, use the CE pin to control the loading of data.
Related violations: <none>

PDRC-153#2 Warning
Gated clock check  
Net soc_riscv_v2_i/cpu_0/inst/control_unit/alu_source_reg_i_2_n_0 is a gated clock net sourced by a combinational pin soc_riscv_v2_i/cpu_0/inst/control_unit/alu_source_reg_i_2/O, cell soc_riscv_v2_i/cpu_0/inst/control_unit/alu_source_reg_i_2. This is not good design practice and will likely impact performance. For SLICE registers, for example, use the CE pin to control the loading of data.
Related violations: <none>

PDRC-153#3 Warning
Gated clock check  
Net soc_riscv_v2_i/cpu_0/inst/control_unit/imm_source_reg[2]_i_2_n_0 is a gated clock net sourced by a combinational pin soc_riscv_v2_i/cpu_0/inst/control_unit/imm_source_reg[2]_i_2/O, cell soc_riscv_v2_i/cpu_0/inst/control_unit/imm_source_reg[2]_i_2. This is not good design practice and will likely impact performance. For SLICE registers, for example, use the CE pin to control the loading of data.
Related violations: <none>

PDRC-153#4 Warning
Gated clock check  
Net soc_riscv_v2_i/cpu_0/inst/control_unit/write_back_source_reg[1]_i_2_n_0 is a gated clock net sourced by a combinational pin soc_riscv_v2_i/cpu_0/inst/control_unit/write_back_source_reg[1]_i_2/O, cell soc_riscv_v2_i/cpu_0/inst/control_unit/write_back_source_reg[1]_i_2. This is not good design practice and will likely impact performance. For SLICE registers, for example, use the CE pin to control the loading of data.
Related violations: <none>

RTSTAT-10#1 Warning
No routable loads  
20 net(s) have no routable loads. The problem bus(es) and/or net(s) are soc_riscv_v2_i/axi_smc/inst/m00_nodes/m00_ar_node/inst/mi_handler_m_sc_areset_pipe,
soc_riscv_v2_i/axi_smc/inst/m00_nodes/m00_aw_node/inst/mi_handler_m_sc_areset_pipe,
soc_riscv_v2_i/axi_smc/inst/m00_nodes/m00_r_node/inst/mi_handler_m_sc_areset_pipe,
soc_riscv_v2_i/axi_smc/inst/m01_nodes/m01_ar_node/inst/mi_handler_m_sc_areset_pipe,
soc_riscv_v2_i/axi_smc/inst/m01_nodes/m01_r_node/inst/mi_handler_m_sc_areset_pipe,
soc_riscv_v2_i/axi_smc/inst/m01_nodes/m01_w_node/inst/mi_handler_m_sc_areset_pipe,
soc_riscv_v2_i/axi_smc/inst/m02_nodes/m02_ar_node/inst/mi_handler_m_sc_areset_pipe,
soc_riscv_v2_i/axi_smc/inst/m02_nodes/m02_aw_node/inst/mi_handler_m_sc_areset_pipe,
soc_riscv_v2_i/axi_smc/inst/m02_nodes/m02_b_node/inst/mi_handler_m_sc_areset_pipe,
soc_riscv_v2_i/axi_smc/inst/m02_nodes/m02_r_node/inst/mi_handler_m_sc_areset_pipe,
soc_riscv_v2_i/axi_smc/inst/m02_nodes/m02_w_node/inst/mi_handler_m_sc_areset_pipe,
soc_riscv_v2_i/axi_smc/inst/s00_nodes/s00_ar_node/inst/mi_handler_m_sc_areset_pipe,
soc_riscv_v2_i/axi_smc/inst/s00_nodes/s00_aw_node/inst/mi_handler_m_sc_areset_pipe,
soc_riscv_v2_i/axi_smc/inst/s00_nodes/s00_r_node/inst/mi_handler_m_sc_areset_pipe,
soc_riscv_v2_i/axi_smc/inst/s00_nodes/s00_w_node/inst/mi_handler_m_sc_areset_pipe
 (the first 15 of 20 listed nets/buses).
Related violations: <none>


